<?xml version="1.0" encoding="UTF-8"?>
<!-- Generated by org.testng.reporters.JUnitXMLReporter -->
<testsuite ignored="0" hostname="Pradeeps-MacBook-Air.local" failures="0" tests="11" name="Ninja Tests" time="102.956" errors="0" timestamp="2023-12-22T18:20:10 IST">
  <testcase classname="com.ninja.qa.testcases.Register" name="verifyDuplicateRegistration" time="1.789"/>
  <testcase classname="com.ninja.qa.testcases.Register" name="verifyRegisteMandatoryFields" time="1.724"/>
  <testcase classname="com.ninja.qa.testcases.Login" name="verifyWithValidCreds" time="1.392"/>
  <testcase classname="com.ninja.qa.testcases.Login" name="verifyWithValidUnameInValidPwd" time="1.031"/>
  <testcase classname="com.ninja.qa.testcases.Login" name="verifyWithInvalidCreds" time="1.049"/>
  <testcase classname="com.ninja.qa.testcases.Login" name="verifyWithBlankCreds" time="0.789"/>
  <testcase classname="com.ninja.qa.testcases.Login" name="verifyWithInvalidUnameValidPwd" time="1.051"/>
  <testcase classname="com.ninja.qa.testcases.Login" name="verifyWithInvalidUnameValidPwd" time="1.03"/>
  <testcase classname="com.ninja.qa.testcases.Login" name="verifyWithInvalidUnameValidPwd" time="1.094"/>
  <testcase classname="com.ninja.qa.testcases.Login" name="verifyWithInvalidUnameValidPwd" time="1.004"/>
  <testcase classname="com.ninja.qa.testcases.Search" name="verifyValidSearch" time="0.891"/>
</testsuite> <!-- Ninja Tests -->
