<?xml version="1.0" encoding="UTF-8"?>
<!-- Generated by org.testng.reporters.JUnitXMLReporter -->
<testsuite ignored="0" hostname="Pradeeps-MacBook-Air.local" failures="0" tests="8" name="Test" time="77.236" errors="0" timestamp="2023-12-21T18:01:36 IST">
  <testcase classname="com.ninja.qa.testcases.Register" name="verifyDuplicateRegistration" time="1.779"/>
  <testcase classname="com.ninja.qa.testcases.Register" name="verifyRegisteMandatoryFields" time="1.657"/>
  <testcase classname="com.ninja.qa.testcases.Login" name="verifyWithValidCreds" time="1.438"/>
  <testcase classname="com.ninja.qa.testcases.Login" name="verifyWithValidUnameInValidPwd" time="1.085"/>
  <testcase classname="com.ninja.qa.testcases.Login" name="verifyWithInvalidCreds" time="1.318"/>
  <testcase classname="com.ninja.qa.testcases.Login" name="verifyWithBlankCreds" time="0.76"/>
  <testcase classname="com.ninja.qa.testcases.Login" name="verifyWithInvalidUnameValidPwd" time="1.008"/>
  <testcase classname="com.ninja.qa.testcases.Search" name="verifyValidSearch" time="0.949"/>
</testsuite> <!-- Test -->
