<?xml version="1.0" encoding="UTF-8"?>
<!-- Generated by org.testng.reporters.JUnitXMLReporter -->
<testsuite ignored="4" hostname="Pradeeps-MacBook-Air.local" failures="0" tests="1" name="Default test" time="10.405" errors="0" timestamp="2023-12-22T18:17:51 IST">
  <testcase classname="com.ninja.qa.testcases.Login" name="verifyWithBlankCreds" time="0.888"/>
  <testcase classname="com.ninja.qa.testcases.Login" name="verifyWithInvalidUnameValidPwd" time="0.0">
    <ignored/>
  </testcase> <!-- verifyWithInvalidUnameValidPwd -->
  <testcase classname="com.ninja.qa.testcases.Login" name="verifyWithValidCreds" time="0.0">
    <ignored/>
  </testcase> <!-- verifyWithValidCreds -->
  <testcase classname="com.ninja.qa.testcases.Login" name="verifyWithInvalidCreds" time="0.0">
    <ignored/>
  </testcase> <!-- verifyWithInvalidCreds -->
  <testcase classname="com.ninja.qa.testcases.Login" name="verifyWithValidUnameInValidPwd" time="0.0">
    <ignored/>
  </testcase> <!-- verifyWithValidUnameInValidPwd -->
</testsuite> <!-- Default test -->
